

times in msec
 clock   self+sourced   self:  sourced script
 clock   elapsed:              other lines

000.012  000.012: --- NVIM STARTING ---
000.141  000.130: event init
000.327  000.186: early init
000.916  000.589: locale set
000.981  000.066: init first window
001.488  000.506: inits 1
001.512  000.024: window checked
001.514  000.003: parsing arguments
002.323  000.051  000.051: require('vim.shared')
002.456  000.057  000.057: require('vim._options')
002.459  000.131  000.074: require('vim._editor')
002.461  000.355  000.173: require('vim._init_packages')
002.464  000.595: init lua interpreter
004.503  002.039: expanding arguments
004.544  000.041: inits 2
004.907  000.363: init highlight
004.909  000.002: waiting for UI
005.110  000.201: done waiting for UI
005.125  000.015: clear screen
005.405  000.279: init default mappings & autocommands
006.674  000.468  000.468: sourcing /opt/homebrew/Cellar/neovim/0.9.5/share/nvim/runtime/ftplugin.vim
007.170  000.357  000.357: sourcing /opt/homebrew/Cellar/neovim/0.9.5/share/nvim/runtime/indent.vim
008.809  001.076  001.076: require('lazy')
008.851  000.023  000.023: require('ffi')
008.904  000.050  000.050: require('vim.loader')
009.047  000.043  000.043: require('vim.fs')
009.548  000.618  000.576: require('lazy.stats')
010.228  000.625  000.625: require('lazy.core.util')
010.878  000.646  000.646: require('lazy.core.config')
011.519  000.255  000.255: require('lazy.core.handler')
011.814  000.292  000.292: require('lazy.core.plugin')
011.821  000.938  000.392: require('lazy.core.loader')
012.808  000.416  000.416: require('plugins.alpha')
013.220  000.397  000.397: require('plugins.barbecue')
013.607  000.361  000.361: require('plugins.colorscheme')
014.649  000.984  000.984: require('plugins.enhancements')
015.124  000.412  000.412: require('plugins.files')
015.438  000.276  000.276: require('plugins.git')
015.802  000.327  000.327: require('plugins.lsp')
016.388  000.469  000.469: require('plugins.nonels')
016.677  000.277  000.277: require('plugins.tmux_navigator')
017.055  000.368  000.368: require('plugins.undotree')
017.746  000.453  000.453: require('plugins.which-key')
019.099  000.278  000.278: require('lazy.core.handler.event')
019.102  000.681  000.403: require('lazy.core.handler.ft')
019.527  000.421  000.421: require('lazy.core.handler.keys')
019.733  000.203  000.203: require('lazy.core.handler.cmd')
020.908  000.446  000.446: sourcing /opt/homebrew/Cellar/neovim/0.9.5/share/nvim/runtime/filetype.lua
021.789  000.196  000.196: sourcing /Users/cristiangutierrez/.local/share/nvim/lazy/nvim-web-devicons/plugin/nvim-web-devicons.vim
022.170  000.160  000.160: sourcing /Users/cristiangutierrez/.local/share/nvim/lazy/trouble.nvim/plugin/trouble.vim
022.191  000.006  000.006: require('vim.keymap')
023.111  000.165  000.165: sourcing /Users/cristiangutierrez/.local/share/nvim/lazy/plenary.nvim/plugin/plenary.vim
023.812  000.579  000.579: sourcing /Users/cristiangutierrez/.local/share/nvim/lazy/telescope.nvim/plugin/telescope.lua
025.052  001.223  001.223: require('telescope.builtin')
026.770  000.234  000.234: require('lualine_require')
027.386  002.177  001.943: require('lualine')
032.703  000.329  000.329: require('lualine.utils.mode')
036.807  000.250  000.250: require('mason-core.path')
037.286  000.180  000.180: require('mason-core.functional')
037.717  000.177  000.177: require('mason-core.functional.data')
037.721  000.353  000.175: require('mason-core.functional.function')
037.935  000.205  000.205: require('mason-core.functional.relation')
038.218  000.278  000.278: require('mason-core.functional.logic')
038.282  001.473  000.457: require('mason-core.platform')
038.441  000.158  000.158: require('mason.settings')
038.444  002.560  000.678: require('mason')
039.292  000.269  000.269: require('mason-core.functional.list')
039.388  000.093  000.093: require('mason-core.functional.string')
039.406  000.713  000.351: require('mason.api.command')
039.528  000.116  000.116: require('mason-registry.sources')
039.933  000.264  000.264: require('mason-core.log')
040.085  000.109  000.109: require('mason-lspconfig.settings')
040.089  000.554  000.181: require('mason-lspconfig')
040.377  000.101  000.101: require('mason-lspconfig.notify')
040.380  000.267  000.166: require('mason-lspconfig.lspconfig_hook')
042.299  000.304  000.304: require('vim.lsp.log')
043.011  000.711  000.711: require('vim.lsp.protocol')
043.615  000.285  000.285: require('vim.lsp._snippet')
043.721  000.104  000.104: require('vim.highlight')
043.726  000.003  000.003: require('vim.F')
043.738  000.725  000.332: require('vim.lsp.util')
043.781  002.461  000.722: require('vim.lsp.handlers')
044.016  000.234  000.234: require('vim.lsp.rpc')
044.108  000.090  000.090: require('vim.lsp.sync')
044.290  000.180  000.180: require('vim.lsp.semantic_tokens')
044.540  000.249  000.249: require('vim.lsp.buf')
044.641  000.099  000.099: require('vim.lsp.diagnostic')
044.786  000.144  000.144: require('vim.lsp.codelens')
044.826  003.912  000.455: require('vim.lsp')
044.850  004.164  000.253: sourcing /Users/cristiangutierrez/.local/share/nvim/lazy/nvim-lspconfig/plugin/lspconfig.lua
045.105  004.724  000.560: require('lspconfig.util')
045.461  000.132  000.132: require('mason-core.functional.table')
045.486  000.380  000.248: require('mason-lspconfig.mappings.server')
045.770  000.084  000.084: require('mason-core.EventEmitter')
045.850  000.079  000.079: require('mason-core.optional')
046.076  000.124  000.124: require('mason-core.async')
046.151  000.073  000.073: require('mason-core.async.uv')
046.155  000.303  000.106: require('mason-core.fs')
046.169  000.681  000.215: require('mason-registry')
046.291  000.121  000.121: require('mason-lspconfig.server_config_extensions')
046.790  000.078  000.078: require('lspconfig.async')
046.792  000.500  000.422: require('lspconfig.configs')
046.875  000.082  000.082: require('lspconfig.server_configurations.omnisharp')
047.086  000.172  000.172: require('mason-lspconfig.ensure_installed')
047.578  000.216  000.216: require('mason-core.result')
048.345  000.382  000.382: require('mason-core.process')
048.463  000.117  000.117: require('mason-core.spawn')
048.498  000.717  000.218: require('mason-core.managers.powershell')
048.664  000.165  000.165: require('mason.version')
048.666  001.087  000.204: require('mason-core.fetch')
048.745  000.077  000.077: require('mason-core.providers')
049.246  000.244  000.244: require('mason-core.purl')
049.256  000.441  000.197: require('mason-core.package')
049.876  000.222  000.222: require('mason-core.installer.registry.expr')
049.885  000.436  000.214: require('mason-core.installer.registry.link')
050.729  000.114  000.114: require('mason-core.receipt')
050.743  000.356  000.242: require('mason-core.installer.context')
050.927  000.183  000.183: require('mason-core.async.control')
051.069  000.141  000.141: require('mason-core.installer.linker')
051.074  000.910  000.231: require('mason-core.installer')
051.091  001.121  000.211: require('mason-core.installer.managers.std')
051.092  001.207  000.086: require('mason-core.installer.registry.schemas')
051.223  000.130  000.130: require('mason-core.installer.registry.util')
051.233  001.976  000.203: require('mason-core.installer.registry')
051.236  002.490  000.073: require('mason-registry.sources.util')
051.244  004.149  000.279: require('mason-registry.sources.github')
055.677  000.191  000.191: require('mason-core.functional.number')
055.692  000.304  000.113: require('mason-lspconfig.api.command')
055.940  000.138  000.138: sourcing /Users/cristiangutierrez/.local/share/nvim/lazy/transparent.nvim/plugin/transparent.vim
056.745  000.104  000.104: require('gitsigns.async')
057.297  000.551  000.551: require('gitsigns.config')
057.417  000.118  000.118: require('gitsigns.debug.log')
057.422  001.315  000.541: require('gitsigns')
058.299  000.062  000.062: require('harpoon.utils')
058.302  000.138  000.076: require('harpoon.logger')
058.503  000.061  000.061: require('harpoon.autocmd')
058.505  000.130  000.069: require('harpoon.buffer')
058.573  000.067  000.067: require('harpoon.extensions')
058.594  000.292  000.096: require('harpoon.ui')
059.055  000.165  000.165: require('plenary.bit')
059.119  000.062  000.062: require('plenary.functional')
059.167  000.503  000.276: require('plenary.path')
059.172  000.576  000.073: require('harpoon.data')
059.243  000.071  000.071: require('harpoon.config')
059.398  000.154  000.154: require('harpoon.list')
059.422  000.020  000.020: require('vim.inspect')
059.946  002.341  001.089: require('harpoon')
060.553  000.143  000.143: require('nvim-tmux-navigation.tmux_util')
060.561  000.533  000.390: require('nvim-tmux-navigation')
061.351  000.068  000.068: require('barbecue.config.template')
061.352  000.136  000.068: require('barbecue.config')
062.172  000.291  000.291: require('nvim-web-devicons.icons-default')
062.250  000.585  000.294: require('nvim-web-devicons')
062.321  000.070  000.070: require('barbecue.utils')
062.323  000.970  000.315: require('barbecue.theme')
062.678  000.174  000.174: require('barbecue.ui.entry')
062.743  000.064  000.064: require('barbecue.ui.state')
063.358  000.419  000.419: require('nvim-navic.lib')
063.361  000.553  000.134: require('nvim-navic')
063.363  000.619  000.067: require('barbecue.ui.components')
063.365  001.041  000.183: require('barbecue.ui')
063.445  000.080  000.080: require('barbecue.autocmd')
063.447  002.600  000.373: require('barbecue')
064.079  000.190  000.190: require('vim.version')
065.639  000.580  000.580: sourcing /opt/homebrew/Cellar/neovim/0.9.5/share/nvim/runtime/plugin/editorconfig.lua
065.896  000.211  000.211: sourcing /opt/homebrew/Cellar/neovim/0.9.5/share/nvim/runtime/plugin/gzip.vim
066.055  000.115  000.115: sourcing /opt/homebrew/Cellar/neovim/0.9.5/share/nvim/runtime/plugin/health.vim
066.239  000.147  000.147: sourcing /opt/homebrew/Cellar/neovim/0.9.5/share/nvim/runtime/plugin/man.lua
067.217  000.236  000.236: sourcing /opt/homebrew/Cellar/neovim/0.9.5/share/nvim/runtime/pack/dist/opt/matchit/plugin/matchit.vim
067.295  001.010  000.773: sourcing /opt/homebrew/Cellar/neovim/0.9.5/share/nvim/runtime/plugin/matchit.vim
067.612  000.243  000.243: sourcing /opt/homebrew/Cellar/neovim/0.9.5/share/nvim/runtime/plugin/matchparen.vim
068.363  000.714  000.714: sourcing /opt/homebrew/Cellar/neovim/0.9.5/share/nvim/runtime/plugin/netrwPlugin.vim
068.591  000.172  000.172: sourcing /opt/homebrew/Cellar/neovim/0.9.5/share/nvim/runtime/plugin/nvim.lua
068.838  000.194  000.194: sourcing /opt/homebrew/Cellar/neovim/0.9.5/share/nvim/runtime/plugin/rplugin.vim
069.035  000.153  000.153: sourcing /opt/homebrew/Cellar/neovim/0.9.5/share/nvim/runtime/plugin/shada.vim
069.198  000.121  000.121: sourcing /opt/homebrew/Cellar/neovim/0.9.5/share/nvim/runtime/plugin/spellfile.vim
069.417  000.177  000.177: sourcing /opt/homebrew/Cellar/neovim/0.9.5/share/nvim/runtime/plugin/tarPlugin.vim
069.776  000.314  000.314: sourcing /opt/homebrew/Cellar/neovim/0.9.5/share/nvim/runtime/plugin/tohtml.vim
070.345  000.527  000.527: sourcing /opt/homebrew/Cellar/neovim/0.9.5/share/nvim/runtime/plugin/tutor.vim
070.499  000.091  000.091: sourcing /opt/homebrew/Cellar/neovim/0.9.5/share/nvim/runtime/plugin/zipPlugin.vim
070.815  000.183  000.183: sourcing /Users/cristiangutierrez/.local/share/nvim/lazy/night-owl.nvim/after/plugin/autocmds.lua
071.585  000.751  000.751: require('config')
072.847  000.573  000.573: require('catppuccin')
073.473  000.172  000.172: require('catppuccin.lib.hashing')
074.919  001.126  001.126: sourcing /Users/cristiangutierrez/.local/share/nvim/lazy/catppuccin/colors/catppuccin.vim
076.672  000.189  000.189: require('transparent.config')
077.785  001.113  001.113: require('transparent.cache')
077.880  001.663  000.362: require('transparent')
078.307  000.162  000.162: require('catppuccin.utils.barbecue')
078.479  000.171  000.171: require('catppuccin.palettes')
078.636  000.156  000.156: require('catppuccin.palettes.macchiato')
078.770  071.327  023.860: sourcing /Users/cristiangutierrez/.config/nvim/init.lua
078.781  001.224: sourcing vimrc file(s)
078.979  000.069  000.069: sourcing /opt/homebrew/Cellar/neovim/0.9.5/share/nvim/runtime/filetype.lua
079.558  000.158  000.158: sourcing /opt/homebrew/Cellar/neovim/0.9.5/share/nvim/runtime/syntax/synload.vim
079.596  000.527  000.369: sourcing /opt/homebrew/Cellar/neovim/0.9.5/share/nvim/runtime/syntax/syntax.vim
079.602  000.224: inits 3
081.379  001.777: reading ShaDa
082.663  000.198  000.198: require('trouble.config')
082.666  000.384  000.186: require('trouble.util')
082.832  000.165  000.165: require('trouble.providers.qf')
083.245  000.412  000.412: require('trouble.providers.telescope')
083.335  000.088  000.088: require('trouble.providers.lsp')
083.413  000.078  000.078: require('trouble.providers.diagnostic')
083.416  001.297  000.169: require('trouble.providers')
083.487  000.071  000.071: require('trouble.text')
083.592  000.104  000.104: require('trouble.folds')
083.597  001.673  000.202: require('trouble.renderer')
083.616  002.027  000.355: require('trouble.view')
083.769  000.152  000.152: require('trouble.colors')
084.606  000.799  000.799: require('vim.diagnostic')
084.643  003.236  000.258: require('trouble')
084.723  000.107: opening buffers
084.782  000.059: BufEnter autocommands
084.783  000.001: editing files in windows
085.479  000.311  000.311: sourcing /Users/cristiangutierrez/.local/share/nvim/lazy/dashboard-nvim/plugin/dashboard.lua
086.116  000.228  000.228: require('dashboard.utils')
086.119  000.536  000.308: require('dashboard')
086.224  000.594: VimEnter autocommands
089.355  000.676  000.676: require('dashboard.theme.doom')
090.463  001.107  001.107: require('dashboard.theme.header')
092.612  004.605: UIEnter autocommands
092.613  000.001: before starting main loop
093.081  000.468: first screen update
093.082  000.001: --- NVIM STARTED ---


times in msec
 clock   self+sourced   self:  sourced script
 clock   elapsed:              other lines

000.011  000.011: --- NVIM STARTING ---
000.487  000.476: event init
000.926  000.439: early init
002.307  001.381: locale set
002.392  000.084: init first window
002.921  000.530: inits 1
002.935  000.014: window checked
002.943  000.008: parsing arguments
004.175  000.060  000.060: require('vim.shared')
004.290  000.044  000.044: require('vim._options')
004.292  000.114  000.070: require('vim._editor')
004.294  000.238  000.064: require('vim._init_packages')
004.297  001.116: init lua interpreter
004.837  000.540: expanding arguments
004.892  000.055: inits 2
005.379  000.487: init highlight
